<?xml version="1.0" encoding="UTF-8"?>
<!-- Generated by org.testng.reporters.JUnitXMLReporter -->
<testsuite ignored="0" hostname="DESKTOP-MS8NCA7" failures="0" tests="4" name="Test" time="29.662" errors="0" timestamp="2022-03-13T05:14:32 GMT">
  <testcase classname="testcases.LoginTest" name="ExternalDataTest" time="4.176"/>
  <testcase classname="testcases.LoginTest" name="LoginFailiureTest" time="6.234"/>
  <testcase classname="testcases.LoginTest" name="LoginSuccessTest" time="5.5"/>
  <testcase classname="testcases.LoginTest" name="ParameterizedTest" time="5.361"/>
</testsuite> <!-- Test -->
