<?xml version="1.0" encoding="UTF-8"?>
<!-- Generated by org.testng.reporters.JUnitXMLReporter -->
<testsuite hostname="DESKTOP-MS8NCA7" ignored="0" name="Test" tests="4" failures="0" timestamp="2022-03-19T05:44:19 GMT" time="40.568" errors="0">
  <testcase name="ExternalDataTest" time="3.206" classname="testcases.LoginTest"/>
  <testcase name="LoginFailiureTest" time="6.424" classname="testcases.LoginTest"/>
  <testcase name="LoginSuccessTest" time="6.171" classname="testcases.LoginTest"/>
  <testcase name="ParameterizedTest" time="6.949" classname="testcases.LoginTest"/>
</testsuite> <!-- Test -->
