<?xml version="1.0" encoding="UTF-8"?>
<!-- Generated by org.testng.reporters.JUnitXMLReporter -->
<testsuite hostname="DESKTOP-MS8NCA7" ignored="0" name="Test" tests="4" failures="0" timestamp="2022-03-13T05:17:01 GMT" time="36.584" errors="0">
  <testcase name="ExternalDataTest" time="4.833" classname="testcases.LoginTest"/>
  <testcase name="LoginFailiureTest" time="5.779" classname="testcases.LoginTest"/>
  <testcase name="LoginSuccessTest" time="5.493" classname="testcases.LoginTest"/>
  <testcase name="ParameterizedTest" time="7.745" classname="testcases.LoginTest"/>
</testsuite> <!-- Test -->
