<?xml version="1.0" encoding="UTF-8"?>
<testng-results skipped="0" failed="0" ignored="0" total="4" passed="4">
  <reporter-output>
  </reporter-output>
  <suite name="Suite" duration-ms="40568" started-at="2022-03-19T05:43:38 GMT" finished-at="2022-03-19T05:44:19 GMT">
    <groups>
    </groups>
    <test name="Test" duration-ms="40568" started-at="2022-03-19T05:43:38 GMT" finished-at="2022-03-19T05:44:19 GMT">
      <class name="testcases.LoginTest">
        <test-method status="PASS" signature="DataSetUp()[pri:0, instance:testcases.LoginTest@51e2adc7]" name="DataSetUp" is-config="true" duration-ms="657" started-at="2022-03-19T05:43:38 GMT" finished-at="2022-03-19T05:43:39 GMT">
          <reporter-output>
          </reporter-output>
        </test-method> <!-- DataSetUp -->
        <test-method status="PASS" signature="SetUp(java.lang.reflect.Method)[pri:0, instance:testcases.LoginTest@51e2adc7]" name="SetUp" is-config="true" duration-ms="4168" started-at="2022-03-19T05:43:39 GMT" finished-at="2022-03-19T05:43:43 GMT">
          <params>
            <param index="0">
              <value>
                <![CDATA[public void testcases.LoginTest.ExternalDataTest()]]>
              </value>
            </param>
          </params>
          <reporter-output>
          </reporter-output>
        </test-method> <!-- SetUp -->
        <test-method status="PASS" signature="ExternalDataTest()[pri:0, instance:testcases.LoginTest@51e2adc7]" name="ExternalDataTest" duration-ms="3206" started-at="2022-03-19T05:43:43 GMT" finished-at="2022-03-19T05:43:47 GMT">
          <reporter-output>
          </reporter-output>
        </test-method> <!-- ExternalDataTest -->
        <test-method status="PASS" signature="TearDown()[pri:0, instance:testcases.LoginTest@51e2adc7]" name="TearDown" is-config="true" duration-ms="738" started-at="2022-03-19T05:43:47 GMT" finished-at="2022-03-19T05:43:47 GMT">
          <reporter-output>
          </reporter-output>
        </test-method> <!-- TearDown -->
        <test-method status="PASS" signature="SetUp(java.lang.reflect.Method)[pri:0, instance:testcases.LoginTest@51e2adc7]" name="SetUp" is-config="true" duration-ms="3517" started-at="2022-03-19T05:43:47 GMT" finished-at="2022-03-19T05:43:51 GMT">
          <params>
            <param index="0">
              <value>
                <![CDATA[public void testcases.LoginTest.LoginFailiureTest()]]>
              </value>
            </param>
          </params>
          <reporter-output>
          </reporter-output>
        </test-method> <!-- SetUp -->
        <test-method status="PASS" signature="LoginFailiureTest()[pri:0, instance:testcases.LoginTest@51e2adc7]" name="LoginFailiureTest" duration-ms="6424" started-at="2022-03-19T05:43:51 GMT" finished-at="2022-03-19T05:43:57 GMT">
          <reporter-output>
          </reporter-output>
        </test-method> <!-- LoginFailiureTest -->
        <test-method status="PASS" signature="TearDown()[pri:0, instance:testcases.LoginTest@51e2adc7]" name="TearDown" is-config="true" duration-ms="693" started-at="2022-03-19T05:43:57 GMT" finished-at="2022-03-19T05:43:58 GMT">
          <reporter-output>
          </reporter-output>
        </test-method> <!-- TearDown -->
        <test-method status="PASS" signature="SetUp(java.lang.reflect.Method)[pri:0, instance:testcases.LoginTest@51e2adc7]" name="SetUp" is-config="true" duration-ms="3153" started-at="2022-03-19T05:43:58 GMT" finished-at="2022-03-19T05:44:01 GMT">
          <params>
            <param index="0">
              <value>
                <![CDATA[public void testcases.LoginTest.LoginSuccessTest()]]>
              </value>
            </param>
          </params>
          <reporter-output>
          </reporter-output>
        </test-method> <!-- SetUp -->
        <test-method status="PASS" signature="LoginSuccessTest()[pri:0, instance:testcases.LoginTest@51e2adc7]" name="LoginSuccessTest" duration-ms="6171" started-at="2022-03-19T05:44:01 GMT" finished-at="2022-03-19T05:44:07 GMT">
          <reporter-output>
          </reporter-output>
        </test-method> <!-- LoginSuccessTest -->
        <test-method status="PASS" signature="TearDown()[pri:0, instance:testcases.LoginTest@51e2adc7]" name="TearDown" is-config="true" duration-ms="686" started-at="2022-03-19T05:44:07 GMT" finished-at="2022-03-19T05:44:08 GMT">
          <reporter-output>
          </reporter-output>
        </test-method> <!-- TearDown -->
        <test-method status="PASS" signature="SetUp(java.lang.reflect.Method)[pri:0, instance:testcases.LoginTest@51e2adc7]" name="SetUp" is-config="true" duration-ms="3136" started-at="2022-03-19T05:44:08 GMT" finished-at="2022-03-19T05:44:11 GMT">
          <params>
            <param index="0">
              <value>
                <![CDATA[public void testcases.LoginTest.ParameterizedTest(java.lang.String,java.lang.String)]]>
              </value>
            </param>
          </params>
          <reporter-output>
          </reporter-output>
        </test-method> <!-- SetUp -->
        <test-method status="PASS" signature="ParameterizedTest(java.lang.String,java.lang.String)[pri:0, instance:testcases.LoginTest@51e2adc7]" name="ParameterizedTest" duration-ms="6949" started-at="2022-03-19T05:44:11 GMT" finished-at="2022-03-19T05:44:18 GMT">
          <params>
            <param index="0">
              <value>
                <![CDATA[xyz@abc.com]]>
              </value>
            </param>
            <param index="1">
              <value>
                <![CDATA[Abc@12345]]>
              </value>
            </param>
          </params>
          <reporter-output>
          </reporter-output>
        </test-method> <!-- ParameterizedTest -->
        <test-method status="PASS" signature="TearDown()[pri:0, instance:testcases.LoginTest@51e2adc7]" name="TearDown" is-config="true" duration-ms="683" started-at="2022-03-19T05:44:18 GMT" finished-at="2022-03-19T05:44:19 GMT">
          <reporter-output>
          </reporter-output>
        </test-method> <!-- TearDown -->
        <test-method status="PASS" signature="DataTearDown()[pri:0, instance:testcases.LoginTest@51e2adc7]" name="DataTearDown" is-config="true" duration-ms="345" started-at="2022-03-19T05:44:19 GMT" finished-at="2022-03-19T05:44:19 GMT">
          <reporter-output>
          </reporter-output>
        </test-method> <!-- DataTearDown -->
      </class> <!-- testcases.LoginTest -->
    </test> <!-- Test -->
  </suite> <!-- Suite -->
</testng-results>
