<?xml version="1.0" encoding="UTF-8"?>
<testng-results ignored="0" total="4" passed="4" failed="0" skipped="0">
  <reporter-output>
  </reporter-output>
  <suite started-at="2022-03-13T05:14:03 GMT" name="Suite" finished-at="2022-03-13T05:14:32 GMT" duration-ms="29662">
    <groups>
    </groups>
    <test started-at="2022-03-13T05:14:03 GMT" name="Test" finished-at="2022-03-13T05:14:32 GMT" duration-ms="29662">
      <class name="testcases.LoginTest">
        <test-method is-config="true" signature="DataSetUp()[pri:0, instance:testcases.LoginTest@1b2abca6]" started-at="2022-03-13T05:14:03 GMT" name="DataSetUp" finished-at="2022-03-13T05:14:03 GMT" duration-ms="544" status="PASS">
          <reporter-output>
          </reporter-output>
        </test-method> <!-- DataSetUp -->
        <test-method is-config="true" signature="SetUp(java.lang.reflect.Method)[pri:0, instance:testcases.LoginTest@1b2abca6]" started-at="2022-03-13T05:14:03 GMT" name="SetUp" finished-at="2022-03-13T05:14:05 GMT" duration-ms="2105" status="PASS">
          <params>
            <param index="0">
              <value>
                <![CDATA[public void testcases.LoginTest.ExternalDataTest()]]>
              </value>
            </param>
          </params>
          <reporter-output>
          </reporter-output>
        </test-method> <!-- SetUp -->
        <test-method signature="ExternalDataTest()[pri:0, instance:testcases.LoginTest@1b2abca6]" started-at="2022-03-13T05:14:05 GMT" name="ExternalDataTest" finished-at="2022-03-13T05:14:09 GMT" duration-ms="4176" status="PASS">
          <reporter-output>
          </reporter-output>
        </test-method> <!-- ExternalDataTest -->
        <test-method is-config="true" signature="TearDown()[pri:0, instance:testcases.LoginTest@1b2abca6]" started-at="2022-03-13T05:14:09 GMT" name="TearDown" finished-at="2022-03-13T05:14:10 GMT" duration-ms="120" status="PASS">
          <reporter-output>
          </reporter-output>
        </test-method> <!-- TearDown -->
        <test-method is-config="true" signature="SetUp(java.lang.reflect.Method)[pri:0, instance:testcases.LoginTest@1b2abca6]" started-at="2022-03-13T05:14:10 GMT" name="SetUp" finished-at="2022-03-13T05:14:11 GMT" duration-ms="1613" status="PASS">
          <params>
            <param index="0">
              <value>
                <![CDATA[public void testcases.LoginTest.LoginFailiureTest()]]>
              </value>
            </param>
          </params>
          <reporter-output>
          </reporter-output>
        </test-method> <!-- SetUp -->
        <test-method signature="LoginFailiureTest()[pri:0, instance:testcases.LoginTest@1b2abca6]" started-at="2022-03-13T05:14:11 GMT" name="LoginFailiureTest" finished-at="2022-03-13T05:14:17 GMT" duration-ms="6234" status="PASS">
          <reporter-output>
          </reporter-output>
        </test-method> <!-- LoginFailiureTest -->
        <test-method is-config="true" signature="TearDown()[pri:0, instance:testcases.LoginTest@1b2abca6]" started-at="2022-03-13T05:14:17 GMT" name="TearDown" finished-at="2022-03-13T05:14:18 GMT" duration-ms="143" status="PASS">
          <reporter-output>
          </reporter-output>
        </test-method> <!-- TearDown -->
        <test-method is-config="true" signature="SetUp(java.lang.reflect.Method)[pri:0, instance:testcases.LoginTest@1b2abca6]" started-at="2022-03-13T05:14:18 GMT" name="SetUp" finished-at="2022-03-13T05:14:19 GMT" duration-ms="1811" status="PASS">
          <params>
            <param index="0">
              <value>
                <![CDATA[public void testcases.LoginTest.LoginSuccessTest()]]>
              </value>
            </param>
          </params>
          <reporter-output>
          </reporter-output>
        </test-method> <!-- SetUp -->
        <test-method signature="LoginSuccessTest()[pri:0, instance:testcases.LoginTest@1b2abca6]" started-at="2022-03-13T05:14:19 GMT" name="LoginSuccessTest" finished-at="2022-03-13T05:14:25 GMT" duration-ms="5500" status="PASS">
          <reporter-output>
          </reporter-output>
        </test-method> <!-- LoginSuccessTest -->
        <test-method is-config="true" signature="TearDown()[pri:0, instance:testcases.LoginTest@1b2abca6]" started-at="2022-03-13T05:14:25 GMT" name="TearDown" finished-at="2022-03-13T05:14:25 GMT" duration-ms="131" status="PASS">
          <reporter-output>
          </reporter-output>
        </test-method> <!-- TearDown -->
        <test-method is-config="true" signature="SetUp(java.lang.reflect.Method)[pri:0, instance:testcases.LoginTest@1b2abca6]" started-at="2022-03-13T05:14:25 GMT" name="SetUp" finished-at="2022-03-13T05:14:27 GMT" duration-ms="1571" status="PASS">
          <params>
            <param index="0">
              <value>
                <![CDATA[public void testcases.LoginTest.ParameterizedTest(java.lang.String,java.lang.String)]]>
              </value>
            </param>
          </params>
          <reporter-output>
          </reporter-output>
        </test-method> <!-- SetUp -->
        <test-method signature="ParameterizedTest(java.lang.String,java.lang.String)[pri:0, instance:testcases.LoginTest@1b2abca6]" started-at="2022-03-13T05:14:27 GMT" name="ParameterizedTest" finished-at="2022-03-13T05:14:32 GMT" duration-ms="5361" status="PASS">
          <params>
            <param index="0">
              <value>
                <![CDATA[xyz@abc.com]]>
              </value>
            </param>
            <param index="1">
              <value>
                <![CDATA[Abc@12345]]>
              </value>
            </param>
          </params>
          <reporter-output>
          </reporter-output>
        </test-method> <!-- ParameterizedTest -->
        <test-method is-config="true" signature="TearDown()[pri:0, instance:testcases.LoginTest@1b2abca6]" started-at="2022-03-13T05:14:32 GMT" name="TearDown" finished-at="2022-03-13T05:14:32 GMT" duration-ms="121" status="PASS">
          <reporter-output>
          </reporter-output>
        </test-method> <!-- TearDown -->
        <test-method is-config="true" signature="DataTearDown()[pri:0, instance:testcases.LoginTest@1b2abca6]" started-at="2022-03-13T05:14:32 GMT" name="DataTearDown" finished-at="2022-03-13T05:14:32 GMT" duration-ms="198" status="PASS">
          <reporter-output>
          </reporter-output>
        </test-method> <!-- DataTearDown -->
      </class> <!-- testcases.LoginTest -->
    </test> <!-- Test -->
  </suite> <!-- Suite -->
</testng-results>
